[{"line":1,"elements":[{"line":6,"name":"","description":"","type":"background","keyword":"Background","steps":[{"result":{"duration":70150,"status":"skipped"},"line":7,"name":"I navigate to the Cuscal portal","match":{"location":"com.securetest.stepdefinitions.LoginSteps.i_navigate_to_the_cuscal_portal()"},"after":[{"result":{"duration":63420,"status":"skipped"},"match":{"location":"com.securetest.stepdefinitions.Hooks.afterStep(io.cucumber.java.Scenario)"}}],"keyword":"Given "}]},{"start_timestamp":"2025-04-14T23:48:59.466Z","before":[{"result":{"error_message":"org.openqa.selenium.WebDriverException: Timed out waiting for driver server to start.\nBuild info: version: '3.141.59', revision: 'e82be7d358', time: '2018-11-14T08:17:03'\nSystem info: host: '9ec75d5abe56', ip: '172.31.128.103', os.name: 'Linux', os.arch: 'amd64', os.version: '6.2.16', java.version: '21'\nDriver info: driver.version: ChromeDriver\n\tat org.openqa.selenium.remote.service.DriverService.waitUntilAvailable(DriverService.java:202)\n\tat org.openqa.selenium.remote.service.DriverService.start(DriverService.java:188)\n\tat org.openqa.selenium.remote.service.DriverCommandExecutor.execute(DriverCommandExecutor.java:79)\n\tat org.openqa.selenium.remote.RemoteWebDriver.execute(RemoteWebDriver.java:552)\n\tat org.openqa.selenium.remote.RemoteWebDriver.startSession(RemoteWebDriver.java:213)\n\tat org.openqa.selenium.remote.RemoteWebDriver.<init>(RemoteWebDriver.java:131)\n\tat org.openqa.selenium.chrome.ChromeDriver.<init>(ChromeDriver.java:181)\n\tat org.openqa.selenium.chrome.ChromeDriver.<init>(ChromeDriver.java:168)\n\tat org.openqa.selenium.chrome.ChromeDriver.<init>(ChromeDriver.java:157)\n\tat com.securetest.utils.DriverFactory.initWebDriver(DriverFactory.java:74)\n\tat com.securetest.stepdefinitions.Hooks.setUp(Hooks.java:41)\nCaused by: org.openqa.selenium.net.UrlChecker$TimeoutException: Timed out waiting for [http://localhost:3989/status] to be available after 20026 ms\n\tat org.openqa.selenium.net.UrlChecker.waitUntilAvailable(UrlChecker.java:100)\n\tat org.openqa.selenium.remote.service.DriverService.waitUntilAvailable(DriverService.java:197)\n\tat org.openqa.selenium.remote.service.DriverService.start(DriverService.java:188)\n\tat org.openqa.selenium.remote.service.DriverCommandExecutor.execute(DriverCommandExecutor.java:79)\n\tat org.openqa.selenium.remote.RemoteWebDriver.execute(RemoteWebDriver.java:552)\n\tat org.openqa.selenium.remote.RemoteWebDriver.startSession(RemoteWebDriver.java:213)\n\tat org.openqa.selenium.remote.RemoteWebDriver.<init>(RemoteWebDriver.java:131)\n\tat org.openqa.selenium.chrome.ChromeDriver.<init>(ChromeDriver.java:181)\n\tat org.openqa.selenium.chrome.ChromeDriver.<init>(ChromeDriver.java:168)\n\tat org.openqa.selenium.chrome.ChromeDriver.<init>(ChromeDriver.java:157)\n\tat com.securetest.utils.DriverFactory.initWebDriver(DriverFactory.java:74)\n\tat com.securetest.stepdefinitions.Hooks.setUp(Hooks.java:41)\n\tat java.base/jdk.internal.reflect.DirectMethodHandleAccessor.invoke(DirectMethodHandleAccessor.java:103)\n\tat java.base/java.lang.reflect.Method.invoke(Method.java:580)\n\tat io.cucumber.java.Invoker.doInvoke(Invoker.java:66)\n\tat io.cucumber.java.Invoker.invoke(Invoker.java:24)\n\tat io.cucumber.java.AbstractGlueDefinition.invokeMethod(AbstractGlueDefinition.java:47)\n\tat io.cucumber.java.JavaHookDefinition.execute(JavaHookDefinition.java:64)\n\tat io.cucumber.core.runner.CoreHookDefinition.execute(CoreHookDefinition.java:46)\n\tat io.cucumber.core.runner.HookDefinitionMatch.runStep(HookDefinitionMatch.java:21)\n\tat io.cucumber.core.runner.ExecutionMode$1.execute(ExecutionMode.java:10)\n\tat io.cucumber.core.runner.TestStep.executeStep(TestStep.java:84)\n\tat io.cucumber.core.runner.TestStep.run(TestStep.java:56)\n\tat io.cucumber.core.runner.TestCase.run(TestCase.java:78)\n\tat io.cucumber.core.runner.Runner.runPickle(Runner.java:75)\n\tat io.cucumber.testng.TestNGCucumberRunner.lambda$runScenario$1(TestNGCucumberRunner.java:132)\n\tat io.cucumber.core.runtime.CucumberExecutionContext.lambda$runTestCase$5(CucumberExecutionContext.java:130)\n\tat io.cucumber.core.runtime.RethrowingThrowableCollector.executeAndThrow(RethrowingThrowableCollector.java:23)\n\tat io.cucumber.core.runtime.CucumberExecutionContext.runTestCase(CucumberExecutionContext.java:130)\n\tat io.cucumber.testng.TestNGCucumberRunner.runScenario(TestNGCucumberRunner.java:129)\n\tat io.cucumber.testng.AbstractTestNGCucumberTests.runScenario(AbstractTestNGCucumberTests.java:35)\n\tat java.base/jdk.internal.reflect.DirectMethodHandleAccessor.invoke(DirectMethodHandleAccessor.java:103)\n\tat java.base/java.lang.reflect.Method.invoke(Method.java:580)\n\tat org.testng.internal.MethodInvocationHelper.invokeMethod(MethodInvocationHelper.java:133)\n\tat org.testng.internal.TestInvoker.invokeMethod(TestInvoker.java:598)\n\tat org.testng.internal.TestInvoker.invokeTestMethod(TestInvoker.java:173)\n\tat org.testng.internal.TestMethodWithDataProviderMethodWorker.call(TestMethodWithDataProviderMethodWorker.java:77)\n\tat org.testng.internal.TestMethodWithDataProviderMethodWorker.call(TestMethodWithDataProviderMethodWorker.java:15)\n\tat java.base/java.util.concurrent.FutureTask.run(FutureTask.java:317)\n\tat java.base/java.util.concurrent.Executors$RunnableAdapter.call(Executors.java:572)\n\tat java.base/java.util.concurrent.FutureTask.run(FutureTask.java:317)\n\tat java.base/java.util.concurrent.ThreadPoolExecutor.runWorker(ThreadPoolExecutor.java:1144)\n\tat java.base/java.util.concurrent.ThreadPoolExecutor$Worker.run(ThreadPoolExecutor.java:642)\n\tat java.base/java.lang.Thread.run(Thread.java:1583)\nCaused by: java.util.concurrent.TimeoutException\n\tat java.base/java.util.concurrent.FutureTask.get(FutureTask.java:204)\n\tat com.google.common.util.concurrent.SimpleTimeLimiter.callWithTimeout(SimpleTimeLimiter.java:156)\n\tat org.openqa.selenium.net.UrlChecker.waitUntilAvailable(UrlChecker.java:75)\n\t... 43 more\n","duration":20933644109,"status":"failed"},"match":{"location":"com.securetest.stepdefinitions.Hooks.setUp(io.cucumber.java.Scenario)"}}],"line":10,"name":"Successful login with valid credentials and OTP","description":"","id":"cuscal-portal-authentication;successful-login-with-valid-credentials-and-otp","after":[{"result":{"duration":552549,"status":"passed"},"match":{"location":"com.securetest.stepdefinitions.Hooks.tearDown(io.cucumber.java.Scenario)"}}],"type":"scenario","keyword":"Scenario","steps":[{"result":{"duration":72880,"status":"skipped"},"line":11,"name":"I enter my username","match":{"location":"com.securetest.stepdefinitions.LoginSteps.i_enter_my_username()"},"after":[{"result":{"duration":128580,"status":"skipped"},"match":{"location":"com.securetest.stepdefinitions.Hooks.afterStep(io.cucumber.java.Scenario)"}}],"keyword":"When "},{"result":{"duration":77140,"status":"skipped"},"line":12,"name":"I enter my password","match":{"location":"com.securetest.stepdefinitions.LoginSteps.i_enter_my_password()"},"after":[{"result":{"duration":64200,"status":"skipped"},"match":{"location":"com.securetest.stepdefinitions.Hooks.afterStep(io.cucumber.java.Scenario)"}}],"keyword":"And "},{"result":{"duration":90730,"status":"skipped"},"line":13,"name":"I click the login button","match":{"location":"com.securetest.stepdefinitions.LoginSteps.i_click_the_login_button()"},"after":[{"result":{"duration":73320,"status":"skipped"},"match":{"location":"com.securetest.stepdefinitions.Hooks.afterStep(io.cucumber.java.Scenario)"}}],"keyword":"And "},{"result":{"duration":69870,"status":"skipped"},"line":14,"name":"I should see the OTP page","match":{"location":"com.securetest.stepdefinitions.OtpSteps.i_should_see_the_otp_page()"},"after":[{"result":{"duration":68640,"status":"skipped"},"match":{"location":"com.securetest.stepdefinitions.Hooks.afterStep(io.cucumber.java.Scenario)"}}],"keyword":"Then "},{"result":{"duration":62400,"status":"skipped"},"line":15,"name":"I initialize my mobile device for OTP retrieval","match":{"location":"com.securetest.stepdefinitions.OtpSteps.i_initialize_my_mobile_device_for_otp_retrieval()"},"after":[{"result":{"duration":63770,"status":"skipped"},"match":{"location":"com.securetest.stepdefinitions.Hooks.afterStep(io.cucumber.java.Scenario)"}}],"keyword":"When "},{"result":{"duration":67680,"status":"skipped"},"line":16,"name":"I retrieve the OTP from my mobile device","match":{"location":"com.securetest.stepdefinitions.OtpSteps.i_retrieve_the_otp_from_my_mobile_device()"},"after":[{"result":{"duration":65870,"status":"skipped"},"match":{"location":"com.securetest.stepdefinitions.Hooks.afterStep(io.cucumber.java.Scenario)"}}],"keyword":"And "},{"result":{"duration":65780,"status":"skipped"},"line":17,"name":"I enter the retrieved OTP","match":{"location":"com.securetest.stepdefinitions.OtpSteps.i_enter_the_retrieved_otp()"},"after":[{"result":{"duration":90050,"status":"skipped"},"match":{"location":"com.securetest.stepdefinitions.Hooks.afterStep(io.cucumber.java.Scenario)"}}],"keyword":"And "},{"result":{"duration":86700,"status":"skipped"},"line":18,"name":"I click the OTP verify button","match":{"location":"com.securetest.stepdefinitions.OtpSteps.i_click_the_otp_verify_button()"},"after":[{"result":{"duration":66730,"status":"skipped"},"match":{"location":"com.securetest.stepdefinitions.Hooks.afterStep(io.cucumber.java.Scenario)"}}],"keyword":"And "},{"result":{"duration":75830,"status":"skipped"},"line":19,"name":"I should see the dashboard page","match":{"location":"com.securetest.stepdefinitions.DashboardSteps.i_should_see_the_dashboard_page()"},"after":[{"result":{"duration":85810,"status":"skipped"},"match":{"location":"com.securetest.stepdefinitions.Hooks.afterStep(io.cucumber.java.Scenario)"}}],"keyword":"Then "},{"result":{"duration":70570,"status":"skipped"},"line":20,"name":"I should see my account summary","match":{"location":"com.securetest.stepdefinitions.DashboardSteps.i_should_see_my_account_summary()"},"after":[{"result":{"duration":63971,"status":"skipped"},"match":{"location":"com.securetest.stepdefinitions.Hooks.afterStep(io.cucumber.java.Scenario)"}}],"keyword":"And "},{"result":{"duration":337660,"status":"skipped"},"line":21,"name":"I should see my transactions","match":{"location":"com.securetest.stepdefinitions.DashboardSteps.i_should_see_my_transactions()"},"after":[{"result":{"duration":50140,"status":"skipped"},"match":{"location":"com.securetest.stepdefinitions.Hooks.afterStep(io.cucumber.java.Scenario)"}}],"keyword":"And "}],"tags":[{"name":"@login"},{"name":"@smoke"}]},{"line":6,"name":"","description":"","type":"background","keyword":"Background","steps":[{"result":{"duration":86310,"status":"skipped"},"line":7,"name":"I navigate to the Cuscal portal","match":{"location":"com.securetest.stepdefinitions.LoginSteps.i_navigate_to_the_cuscal_portal()"},"after":[{"result":{"duration":75640,"status":"skipped"},"match":{"location":"com.securetest.stepdefinitions.Hooks.afterStep(io.cucumber.java.Scenario)"}}],"keyword":"Given "}]},{"start_timestamp":"2025-04-14T23:48:59.466Z","before":[{"result":{"error_message":"org.openqa.selenium.WebDriverException: Timed out waiting for driver server to start.\nBuild info: version: '3.141.59', revision: 'e82be7d358', time: '2018-11-14T08:17:03'\nSystem info: host: '9ec75d5abe56', ip: '172.31.128.103', os.name: 'Linux', os.arch: 'amd64', os.version: '6.2.16', java.version: '21'\nDriver info: driver.version: ChromeDriver\n\tat org.openqa.selenium.remote.service.DriverService.waitUntilAvailable(DriverService.java:202)\n\tat org.openqa.selenium.remote.service.DriverService.start(DriverService.java:188)\n\tat org.openqa.selenium.remote.service.DriverCommandExecutor.execute(DriverCommandExecutor.java:79)\n\tat org.openqa.selenium.remote.RemoteWebDriver.execute(RemoteWebDriver.java:552)\n\tat org.openqa.selenium.remote.RemoteWebDriver.startSession(RemoteWebDriver.java:213)\n\tat org.openqa.selenium.remote.RemoteWebDriver.<init>(RemoteWebDriver.java:131)\n\tat org.openqa.selenium.chrome.ChromeDriver.<init>(ChromeDriver.java:181)\n\tat org.openqa.selenium.chrome.ChromeDriver.<init>(ChromeDriver.java:168)\n\tat org.openqa.selenium.chrome.ChromeDriver.<init>(ChromeDriver.java:157)\n\tat com.securetest.utils.DriverFactory.initWebDriver(DriverFactory.java:74)\n\tat com.securetest.stepdefinitions.Hooks.setUp(Hooks.java:41)\nCaused by: org.openqa.selenium.net.UrlChecker$TimeoutException: Timed out waiting for [http://localhost:17599/status] to be available after 20039 ms\n\tat org.openqa.selenium.net.UrlChecker.waitUntilAvailable(UrlChecker.java:100)\n\tat org.openqa.selenium.remote.service.DriverService.waitUntilAvailable(DriverService.java:197)\n\tat org.openqa.selenium.remote.service.DriverService.start(DriverService.java:188)\n\tat org.openqa.selenium.remote.service.DriverCommandExecutor.execute(DriverCommandExecutor.java:79)\n\tat org.openqa.selenium.remote.RemoteWebDriver.execute(RemoteWebDriver.java:552)\n\tat org.openqa.selenium.remote.RemoteWebDriver.startSession(RemoteWebDriver.java:213)\n\tat org.openqa.selenium.remote.RemoteWebDriver.<init>(RemoteWebDriver.java:131)\n\tat org.openqa.selenium.chrome.ChromeDriver.<init>(ChromeDriver.java:181)\n\tat org.openqa.selenium.chrome.ChromeDriver.<init>(ChromeDriver.java:168)\n\tat org.openqa.selenium.chrome.ChromeDriver.<init>(ChromeDriver.java:157)\n\tat com.securetest.utils.DriverFactory.initWebDriver(DriverFactory.java:74)\n\tat com.securetest.stepdefinitions.Hooks.setUp(Hooks.java:41)\n\tat java.base/jdk.internal.reflect.DirectMethodHandleAccessor.invoke(DirectMethodHandleAccessor.java:103)\n\tat java.base/java.lang.reflect.Method.invoke(Method.java:580)\n\tat io.cucumber.java.Invoker.doInvoke(Invoker.java:66)\n\tat io.cucumber.java.Invoker.invoke(Invoker.java:24)\n\tat io.cucumber.java.AbstractGlueDefinition.invokeMethod(AbstractGlueDefinition.java:47)\n\tat io.cucumber.java.JavaHookDefinition.execute(JavaHookDefinition.java:64)\n\tat io.cucumber.core.runner.CoreHookDefinition.execute(CoreHookDefinition.java:46)\n\tat io.cucumber.core.runner.HookDefinitionMatch.runStep(HookDefinitionMatch.java:21)\n\tat io.cucumber.core.runner.ExecutionMode$1.execute(ExecutionMode.java:10)\n\tat io.cucumber.core.runner.TestStep.executeStep(TestStep.java:84)\n\tat io.cucumber.core.runner.TestStep.run(TestStep.java:56)\n\tat io.cucumber.core.runner.TestCase.run(TestCase.java:78)\n\tat io.cucumber.core.runner.Runner.runPickle(Runner.java:75)\n\tat io.cucumber.testng.TestNGCucumberRunner.lambda$runScenario$1(TestNGCucumberRunner.java:132)\n\tat io.cucumber.core.runtime.CucumberExecutionContext.lambda$runTestCase$5(CucumberExecutionContext.java:130)\n\tat io.cucumber.core.runtime.RethrowingThrowableCollector.executeAndThrow(RethrowingThrowableCollector.java:23)\n\tat io.cucumber.core.runtime.CucumberExecutionContext.runTestCase(CucumberExecutionContext.java:130)\n\tat io.cucumber.testng.TestNGCucumberRunner.runScenario(TestNGCucumberRunner.java:129)\n\tat io.cucumber.testng.AbstractTestNGCucumberTests.runScenario(AbstractTestNGCucumberTests.java:35)\n\tat java.base/jdk.internal.reflect.DirectMethodHandleAccessor.invoke(DirectMethodHandleAccessor.java:103)\n\tat java.base/java.lang.reflect.Method.invoke(Method.java:580)\n\tat org.testng.internal.MethodInvocationHelper.invokeMethod(MethodInvocationHelper.java:133)\n\tat org.testng.internal.TestInvoker.invokeMethod(TestInvoker.java:598)\n\tat org.testng.internal.TestInvoker.invokeTestMethod(TestInvoker.java:173)\n\tat org.testng.internal.TestMethodWithDataProviderMethodWorker.call(TestMethodWithDataProviderMethodWorker.java:77)\n\tat org.testng.internal.TestMethodWithDataProviderMethodWorker.call(TestMethodWithDataProviderMethodWorker.java:15)\n\tat java.base/java.util.concurrent.FutureTask.run(FutureTask.java:317)\n\tat java.base/java.util.concurrent.Executors$RunnableAdapter.call(Executors.java:572)\n\tat java.base/java.util.concurrent.FutureTask.run(FutureTask.java:317)\n\tat java.base/java.util.concurrent.ThreadPoolExecutor.runWorker(ThreadPoolExecutor.java:1144)\n\tat java.base/java.util.concurrent.ThreadPoolExecutor$Worker.run(ThreadPoolExecutor.java:642)\n\tat java.base/java.lang.Thread.run(Thread.java:1583)\nCaused by: java.util.concurrent.TimeoutException\n\tat java.base/java.util.concurrent.FutureTask.get(FutureTask.java:204)\n\tat com.google.common.util.concurrent.SimpleTimeLimiter.callWithTimeout(SimpleTimeLimiter.java:156)\n\tat org.openqa.selenium.net.UrlChecker.waitUntilAvailable(UrlChecker.java:75)\n\t... 43 more\n","duration":20922503420,"status":"failed"},"match":{"location":"com.securetest.stepdefinitions.Hooks.setUp(io.cucumber.java.Scenario)"}}],"line":24,"name":"Failed login with invalid credentials","description":"","id":"cuscal-portal-authentication;failed-login-with-invalid-credentials","after":[{"result":{"duration":4144860,"status":"passed"},"match":{"location":"com.securetest.stepdefinitions.Hooks.tearDown(io.cucumber.java.Scenario)"}}],"type":"scenario","keyword":"Scenario","steps":[{"result":{"duration":101780,"status":"skipped"},"line":25,"name":"I enter username \"invalid_user\"","match":{"arguments":[{"val":"\"invalid_user\"","offset":17}],"location":"com.securetest.stepdefinitions.LoginSteps.i_enter_username(java.lang.String)"},"after":[{"result":{"duration":73260,"status":"skipped"},"match":{"location":"com.securetest.stepdefinitions.Hooks.afterStep(io.cucumber.java.Scenario)"}}],"keyword":"When "},{"result":{"duration":71760,"status":"skipped"},"line":26,"name":"I enter password \"invalid_password\"","match":{"arguments":[{"val":"\"invalid_password\"","offset":17}],"location":"com.securetest.stepdefinitions.LoginSteps.i_enter_password(java.lang.String)"},"after":[{"result":{"duration":92260,"status":"skipped"},"match":{"location":"com.securetest.stepdefinitions.Hooks.afterStep(io.cucumber.java.Scenario)"}}],"keyword":"And "},{"result":{"duration":123060,"status":"skipped"},"line":27,"name":"I click the login button","match":{"location":"com.securetest.stepdefinitions.LoginSteps.i_click_the_login_button()"},"after":[{"result":{"duration":69950,"status":"skipped"},"match":{"location":"com.securetest.stepdefinitions.Hooks.afterStep(io.cucumber.java.Scenario)"}}],"keyword":"And "},{"result":{"duration":73280,"status":"skipped"},"line":28,"name":"I should see a login error message","match":{"location":"com.securetest.stepdefinitions.LoginSteps.i_should_see_a_login_error_message()"},"after":[{"result":{"duration":50050,"status":"skipped"},"match":{"location":"com.securetest.stepdefinitions.Hooks.afterStep(io.cucumber.java.Scenario)"}}],"keyword":"Then "},{"result":{"duration":51550,"status":"skipped"},"line":29,"name":"I should see login error message containing \"Invalid username or password\"","match":{"arguments":[{"val":"\"Invalid username or password\"","offset":44}],"location":"com.securetest.stepdefinitions.LoginSteps.i_should_see_login_error_message_containing(java.lang.String)"},"after":[{"result":{"duration":53770,"status":"skipped"},"match":{"location":"com.securetest.stepdefinitions.Hooks.afterStep(io.cucumber.java.Scenario)"}}],"keyword":"And "}],"tags":[{"name":"@login"},{"name":"@negative"}]},{"line":6,"name":"","description":"","type":"background","keyword":"Background","steps":[{"result":{"duration":118170,"status":"skipped"},"line":7,"name":"I navigate to the Cuscal portal","match":{"location":"com.securetest.stepdefinitions.LoginSteps.i_navigate_to_the_cuscal_portal()"},"after":[{"result":{"duration":75330,"status":"skipped"},"match":{"location":"com.securetest.stepdefinitions.Hooks.afterStep(io.cucumber.java.Scenario)"}}],"keyword":"Given "}]},{"start_timestamp":"2025-04-14T23:48:59.465Z","before":[{"result":{"error_message":"org.openqa.selenium.WebDriverException: Timed out waiting for driver server to start.\nBuild info: version: '3.141.59', revision: 'e82be7d358', time: '2018-11-14T08:17:03'\nSystem info: host: '9ec75d5abe56', ip: '172.31.128.103', os.name: 'Linux', os.arch: 'amd64', os.version: '6.2.16', java.version: '21'\nDriver info: driver.version: ChromeDriver\n\tat org.openqa.selenium.remote.service.DriverService.waitUntilAvailable(DriverService.java:202)\n\tat org.openqa.selenium.remote.service.DriverService.start(DriverService.java:188)\n\tat org.openqa.selenium.remote.service.DriverCommandExecutor.execute(DriverCommandExecutor.java:79)\n\tat org.openqa.selenium.remote.RemoteWebDriver.execute(RemoteWebDriver.java:552)\n\tat org.openqa.selenium.remote.RemoteWebDriver.startSession(RemoteWebDriver.java:213)\n\tat org.openqa.selenium.remote.RemoteWebDriver.<init>(RemoteWebDriver.java:131)\n\tat org.openqa.selenium.chrome.ChromeDriver.<init>(ChromeDriver.java:181)\n\tat org.openqa.selenium.chrome.ChromeDriver.<init>(ChromeDriver.java:168)\n\tat org.openqa.selenium.chrome.ChromeDriver.<init>(ChromeDriver.java:157)\n\tat com.securetest.utils.DriverFactory.initWebDriver(DriverFactory.java:74)\n\tat com.securetest.stepdefinitions.Hooks.setUp(Hooks.java:41)\nCaused by: org.openqa.selenium.net.UrlChecker$TimeoutException: Timed out waiting for [http://localhost:22447/status] to be available after 20009 ms\n\tat org.openqa.selenium.net.UrlChecker.waitUntilAvailable(UrlChecker.java:100)\n\tat org.openqa.selenium.remote.service.DriverService.waitUntilAvailable(DriverService.java:197)\n\tat org.openqa.selenium.remote.service.DriverService.start(DriverService.java:188)\n\tat org.openqa.selenium.remote.service.DriverCommandExecutor.execute(DriverCommandExecutor.java:79)\n\tat org.openqa.selenium.remote.RemoteWebDriver.execute(RemoteWebDriver.java:552)\n\tat org.openqa.selenium.remote.RemoteWebDriver.startSession(RemoteWebDriver.java:213)\n\tat org.openqa.selenium.remote.RemoteWebDriver.<init>(RemoteWebDriver.java:131)\n\tat org.openqa.selenium.chrome.ChromeDriver.<init>(ChromeDriver.java:181)\n\tat org.openqa.selenium.chrome.ChromeDriver.<init>(ChromeDriver.java:168)\n\tat org.openqa.selenium.chrome.ChromeDriver.<init>(ChromeDriver.java:157)\n\tat com.securetest.utils.DriverFactory.initWebDriver(DriverFactory.java:74)\n\tat com.securetest.stepdefinitions.Hooks.setUp(Hooks.java:41)\n\tat java.base/jdk.internal.reflect.DirectMethodHandleAccessor.invoke(DirectMethodHandleAccessor.java:103)\n\tat java.base/java.lang.reflect.Method.invoke(Method.java:580)\n\tat io.cucumber.java.Invoker.doInvoke(Invoker.java:66)\n\tat io.cucumber.java.Invoker.invoke(Invoker.java:24)\n\tat io.cucumber.java.AbstractGlueDefinition.invokeMethod(AbstractGlueDefinition.java:47)\n\tat io.cucumber.java.JavaHookDefinition.execute(JavaHookDefinition.java:64)\n\tat io.cucumber.core.runner.CoreHookDefinition.execute(CoreHookDefinition.java:46)\n\tat io.cucumber.core.runner.HookDefinitionMatch.runStep(HookDefinitionMatch.java:21)\n\tat io.cucumber.core.runner.ExecutionMode$1.execute(ExecutionMode.java:10)\n\tat io.cucumber.core.runner.TestStep.executeStep(TestStep.java:84)\n\tat io.cucumber.core.runner.TestStep.run(TestStep.java:56)\n\tat io.cucumber.core.runner.TestCase.run(TestCase.java:78)\n\tat io.cucumber.core.runner.Runner.runPickle(Runner.java:75)\n\tat io.cucumber.testng.TestNGCucumberRunner.lambda$runScenario$1(TestNGCucumberRunner.java:132)\n\tat io.cucumber.core.runtime.CucumberExecutionContext.lambda$runTestCase$5(CucumberExecutionContext.java:130)\n\tat io.cucumber.core.runtime.RethrowingThrowableCollector.executeAndThrow(RethrowingThrowableCollector.java:23)\n\tat io.cucumber.core.runtime.CucumberExecutionContext.runTestCase(CucumberExecutionContext.java:130)\n\tat io.cucumber.testng.TestNGCucumberRunner.runScenario(TestNGCucumberRunner.java:129)\n\tat io.cucumber.testng.AbstractTestNGCucumberTests.runScenario(AbstractTestNGCucumberTests.java:35)\n\tat java.base/jdk.internal.reflect.DirectMethodHandleAccessor.invoke(DirectMethodHandleAccessor.java:103)\n\tat java.base/java.lang.reflect.Method.invoke(Method.java:580)\n\tat org.testng.internal.MethodInvocationHelper.invokeMethod(MethodInvocationHelper.java:133)\n\tat org.testng.internal.TestInvoker.invokeMethod(TestInvoker.java:598)\n\tat org.testng.internal.TestInvoker.invokeTestMethod(TestInvoker.java:173)\n\tat org.testng.internal.TestMethodWithDataProviderMethodWorker.call(TestMethodWithDataProviderMethodWorker.java:77)\n\tat org.testng.internal.TestMethodWithDataProviderMethodWorker.call(TestMethodWithDataProviderMethodWorker.java:15)\n\tat java.base/java.util.concurrent.FutureTask.run(FutureTask.java:317)\n\tat java.base/java.util.concurrent.Executors$RunnableAdapter.call(Executors.java:572)\n\tat java.base/java.util.concurrent.FutureTask.run(FutureTask.java:317)\n\tat java.base/java.util.concurrent.ThreadPoolExecutor.runWorker(ThreadPoolExecutor.java:1144)\n\tat java.base/java.util.concurrent.ThreadPoolExecutor$Worker.run(ThreadPoolExecutor.java:642)\n\tat java.base/java.lang.Thread.run(Thread.java:1583)\nCaused by: java.util.concurrent.TimeoutException\n\tat java.base/java.util.concurrent.FutureTask.get(FutureTask.java:204)\n\tat com.google.common.util.concurrent.SimpleTimeLimiter.callWithTimeout(SimpleTimeLimiter.java:156)\n\tat org.openqa.selenium.net.UrlChecker.waitUntilAvailable(UrlChecker.java:75)\n\t... 43 more\n","duration":20935625119,"status":"failed"},"match":{"location":"com.securetest.stepdefinitions.Hooks.setUp(io.cucumber.java.Scenario)"}}],"line":32,"name":"Failed verification with invalid OTP","description":"","id":"cuscal-portal-authentication;failed-verification-with-invalid-otp","after":[{"result":{"duration":384820,"status":"passed"},"match":{"location":"com.securetest.stepdefinitions.Hooks.tearDown(io.cucumber.java.Scenario)"}}],"type":"scenario","keyword":"Scenario","steps":[{"result":{"duration":77500,"status":"skipped"},"line":33,"name":"I enter my username","match":{"location":"com.securetest.stepdefinitions.LoginSteps.i_enter_my_username()"},"after":[{"result":{"duration":144271,"status":"skipped"},"match":{"location":"com.securetest.stepdefinitions.Hooks.afterStep(io.cucumber.java.Scenario)"}}],"keyword":"When "},{"result":{"duration":117680,"status":"skipped"},"line":34,"name":"I enter my password","match":{"location":"com.securetest.stepdefinitions.LoginSteps.i_enter_my_password()"},"after":[{"result":{"duration":108451,"status":"skipped"},"match":{"location":"com.securetest.stepdefinitions.Hooks.afterStep(io.cucumber.java.Scenario)"}}],"keyword":"And "},{"result":{"duration":99771,"status":"skipped"},"line":35,"name":"I click the login button","match":{"location":"com.securetest.stepdefinitions.LoginSteps.i_click_the_login_button()"},"after":[{"result":{"duration":48940,"status":"skipped"},"match":{"location":"com.securetest.stepdefinitions.Hooks.afterStep(io.cucumber.java.Scenario)"}}],"keyword":"And "},{"result":{"duration":103740,"status":"skipped"},"line":36,"name":"I should see the OTP page","match":{"location":"com.securetest.stepdefinitions.OtpSteps.i_should_see_the_otp_page()"},"after":[{"result":{"duration":236290,"status":"skipped"},"match":{"location":"com.securetest.stepdefinitions.Hooks.afterStep(io.cucumber.java.Scenario)"}}],"keyword":"Then "},{"result":{"duration":96240,"status":"skipped"},"line":37,"name":"I enter OTP \"123456\"","match":{"arguments":[{"val":"\"123456\"","offset":12}],"location":"com.securetest.stepdefinitions.OtpSteps.i_enter_otp(java.lang.String)"},"after":[{"result":{"duration":51890,"status":"skipped"},"match":{"location":"com.securetest.stepdefinitions.Hooks.afterStep(io.cucumber.java.Scenario)"}}],"keyword":"When "},{"result":{"duration":100550,"status":"skipped"},"line":38,"name":"I click the OTP verify button","match":{"location":"com.securetest.stepdefinitions.OtpSteps.i_click_the_otp_verify_button()"},"after":[{"result":{"duration":93860,"status":"skipped"},"match":{"location":"com.securetest.stepdefinitions.Hooks.afterStep(io.cucumber.java.Scenario)"}}],"keyword":"And "},{"result":{"duration":68220,"status":"skipped"},"line":39,"name":"I should see an OTP error message","match":{"location":"com.securetest.stepdefinitions.OtpSteps.i_should_see_an_otp_error_message()"},"after":[{"result":{"duration":64690,"status":"skipped"},"match":{"location":"com.securetest.stepdefinitions.Hooks.afterStep(io.cucumber.java.Scenario)"}}],"keyword":"Then "},{"result":{"duration":93090,"status":"skipped"},"line":40,"name":"I should see OTP error message containing \"Invalid verification code\"","match":{"arguments":[{"val":"\"Invalid verification code\"","offset":42}],"location":"com.securetest.stepdefinitions.OtpSteps.i_should_see_otp_error_message_containing(java.lang.String)"},"after":[{"result":{"duration":72440,"status":"skipped"},"match":{"location":"com.securetest.stepdefinitions.Hooks.afterStep(io.cucumber.java.Scenario)"}}],"keyword":"And "}],"tags":[{"name":"@otp"},{"name":"@negative"}]},{"line":6,"name":"","description":"","type":"background","keyword":"Background","steps":[{"result":{"duration":146890,"status":"skipped"},"line":7,"name":"I navigate to the Cuscal portal","match":{"location":"com.securetest.stepdefinitions.LoginSteps.i_navigate_to_the_cuscal_portal()"},"after":[{"result":{"duration":88400,"status":"skipped"},"match":{"location":"com.securetest.stepdefinitions.Hooks.afterStep(io.cucumber.java.Scenario)"}}],"keyword":"Given "}]},{"start_timestamp":"2025-04-14T23:48:59.464Z","before":[{"result":{"error_message":"org.openqa.selenium.WebDriverException: Timed out waiting for driver server to start.\nBuild info: version: '3.141.59', revision: 'e82be7d358', time: '2018-11-14T08:17:03'\nSystem info: host: '9ec75d5abe56', ip: '172.31.128.103', os.name: 'Linux', os.arch: 'amd64', os.version: '6.2.16', java.version: '21'\nDriver info: driver.version: ChromeDriver\n\tat org.openqa.selenium.remote.service.DriverService.waitUntilAvailable(DriverService.java:202)\n\tat org.openqa.selenium.remote.service.DriverService.start(DriverService.java:188)\n\tat org.openqa.selenium.remote.service.DriverCommandExecutor.execute(DriverCommandExecutor.java:79)\n\tat org.openqa.selenium.remote.RemoteWebDriver.execute(RemoteWebDriver.java:552)\n\tat org.openqa.selenium.remote.RemoteWebDriver.startSession(RemoteWebDriver.java:213)\n\tat org.openqa.selenium.remote.RemoteWebDriver.<init>(RemoteWebDriver.java:131)\n\tat org.openqa.selenium.chrome.ChromeDriver.<init>(ChromeDriver.java:181)\n\tat org.openqa.selenium.chrome.ChromeDriver.<init>(ChromeDriver.java:168)\n\tat org.openqa.selenium.chrome.ChromeDriver.<init>(ChromeDriver.java:157)\n\tat com.securetest.utils.DriverFactory.initWebDriver(DriverFactory.java:74)\n\tat com.securetest.stepdefinitions.Hooks.setUp(Hooks.java:41)\nCaused by: org.openqa.selenium.net.UrlChecker$TimeoutException: Timed out waiting for [http://localhost:30628/status] to be available after 20001 ms\n\tat org.openqa.selenium.net.UrlChecker.waitUntilAvailable(UrlChecker.java:100)\n\tat org.openqa.selenium.remote.service.DriverService.waitUntilAvailable(DriverService.java:197)\n\tat org.openqa.selenium.remote.service.DriverService.start(DriverService.java:188)\n\tat org.openqa.selenium.remote.service.DriverCommandExecutor.execute(DriverCommandExecutor.java:79)\n\tat org.openqa.selenium.remote.RemoteWebDriver.execute(RemoteWebDriver.java:552)\n\tat org.openqa.selenium.remote.RemoteWebDriver.startSession(RemoteWebDriver.java:213)\n\tat org.openqa.selenium.remote.RemoteWebDriver.<init>(RemoteWebDriver.java:131)\n\tat org.openqa.selenium.chrome.ChromeDriver.<init>(ChromeDriver.java:181)\n\tat org.openqa.selenium.chrome.ChromeDriver.<init>(ChromeDriver.java:168)\n\tat org.openqa.selenium.chrome.ChromeDriver.<init>(ChromeDriver.java:157)\n\tat com.securetest.utils.DriverFactory.initWebDriver(DriverFactory.java:74)\n\tat com.securetest.stepdefinitions.Hooks.setUp(Hooks.java:41)\n\tat java.base/jdk.internal.reflect.DirectMethodHandleAccessor.invoke(DirectMethodHandleAccessor.java:103)\n\tat java.base/java.lang.reflect.Method.invoke(Method.java:580)\n\tat io.cucumber.java.Invoker.doInvoke(Invoker.java:66)\n\tat io.cucumber.java.Invoker.invoke(Invoker.java:24)\n\tat io.cucumber.java.AbstractGlueDefinition.invokeMethod(AbstractGlueDefinition.java:47)\n\tat io.cucumber.java.JavaHookDefinition.execute(JavaHookDefinition.java:64)\n\tat io.cucumber.core.runner.CoreHookDefinition.execute(CoreHookDefinition.java:46)\n\tat io.cucumber.core.runner.HookDefinitionMatch.runStep(HookDefinitionMatch.java:21)\n\tat io.cucumber.core.runner.ExecutionMode$1.execute(ExecutionMode.java:10)\n\tat io.cucumber.core.runner.TestStep.executeStep(TestStep.java:84)\n\tat io.cucumber.core.runner.TestStep.run(TestStep.java:56)\n\tat io.cucumber.core.runner.TestCase.run(TestCase.java:78)\n\tat io.cucumber.core.runner.Runner.runPickle(Runner.java:75)\n\tat io.cucumber.testng.TestNGCucumberRunner.lambda$runScenario$1(TestNGCucumberRunner.java:132)\n\tat io.cucumber.core.runtime.CucumberExecutionContext.lambda$runTestCase$5(CucumberExecutionContext.java:130)\n\tat io.cucumber.core.runtime.RethrowingThrowableCollector.executeAndThrow(RethrowingThrowableCollector.java:23)\n\tat io.cucumber.core.runtime.CucumberExecutionContext.runTestCase(CucumberExecutionContext.java:130)\n\tat io.cucumber.testng.TestNGCucumberRunner.runScenario(TestNGCucumberRunner.java:129)\n\tat io.cucumber.testng.AbstractTestNGCucumberTests.runScenario(AbstractTestNGCucumberTests.java:35)\n\tat java.base/jdk.internal.reflect.DirectMethodHandleAccessor.invoke(DirectMethodHandleAccessor.java:103)\n\tat java.base/java.lang.reflect.Method.invoke(Method.java:580)\n\tat org.testng.internal.MethodInvocationHelper.invokeMethod(MethodInvocationHelper.java:133)\n\tat org.testng.internal.TestInvoker.invokeMethod(TestInvoker.java:598)\n\tat org.testng.internal.TestInvoker.invokeTestMethod(TestInvoker.java:173)\n\tat org.testng.internal.TestMethodWithDataProviderMethodWorker.call(TestMethodWithDataProviderMethodWorker.java:77)\n\tat org.testng.internal.TestMethodWithDataProviderMethodWorker.call(TestMethodWithDataProviderMethodWorker.java:15)\n\tat java.base/java.util.concurrent.FutureTask.run(FutureTask.java:317)\n\tat java.base/java.util.concurrent.Executors$RunnableAdapter.call(Executors.java:572)\n\tat java.base/java.util.concurrent.FutureTask.run(FutureTask.java:317)\n\tat java.base/java.util.concurrent.ThreadPoolExecutor.runWorker(ThreadPoolExecutor.java:1144)\n\tat java.base/java.util.concurrent.ThreadPoolExecutor$Worker.run(ThreadPoolExecutor.java:642)\n\tat java.base/java.lang.Thread.run(Thread.java:1583)\nCaused by: java.util.concurrent.TimeoutException\n\tat java.base/java.util.concurrent.FutureTask.get(FutureTask.java:204)\n\tat com.google.common.util.concurrent.SimpleTimeLimiter.callWithTimeout(SimpleTimeLimiter.java:156)\n\tat org.openqa.selenium.net.UrlChecker.waitUntilAvailable(UrlChecker.java:75)\n\t... 43 more\n","duration":20907618372,"status":"failed"},"match":{"location":"com.securetest.stepdefinitions.Hooks.setUp(io.cucumber.java.Scenario)"}}],"line":43,"name":"Resend OTP","description":"","id":"cuscal-portal-authentication;resend-otp","after":[{"result":{"duration":1651909,"status":"passed"},"match":{"location":"com.securetest.stepdefinitions.Hooks.tearDown(io.cucumber.java.Scenario)"}}],"type":"scenario","keyword":"Scenario","steps":[{"result":{"duration":73820,"status":"skipped"},"line":44,"name":"I enter my username","match":{"location":"com.securetest.stepdefinitions.LoginSteps.i_enter_my_username()"},"after":[{"result":{"duration":95810,"status":"skipped"},"match":{"location":"com.securetest.stepdefinitions.Hooks.afterStep(io.cucumber.java.Scenario)"}}],"keyword":"When "},{"result":{"duration":105370,"status":"skipped"},"line":45,"name":"I enter my password","match":{"location":"com.securetest.stepdefinitions.LoginSteps.i_enter_my_password()"},"after":[{"result":{"duration":100880,"status":"skipped"},"match":{"location":"com.securetest.stepdefinitions.Hooks.afterStep(io.cucumber.java.Scenario)"}}],"keyword":"And "},{"result":{"duration":78900,"status":"skipped"},"line":46,"name":"I click the login button","match":{"location":"com.securetest.stepdefinitions.LoginSteps.i_click_the_login_button()"},"after":[{"result":{"duration":227130,"status":"skipped"},"match":{"location":"com.securetest.stepdefinitions.Hooks.afterStep(io.cucumber.java.Scenario)"}}],"keyword":"And "},{"result":{"duration":111940,"status":"skipped"},"line":47,"name":"I should see the OTP page","match":{"location":"com.securetest.stepdefinitions.OtpSteps.i_should_see_the_otp_page()"},"after":[{"result":{"duration":91830,"status":"skipped"},"match":{"location":"com.securetest.stepdefinitions.Hooks.afterStep(io.cucumber.java.Scenario)"}}],"keyword":"Then "},{"result":{"duration":63250,"status":"skipped"},"line":48,"name":"I click the resend OTP link","match":{"location":"com.securetest.stepdefinitions.OtpSteps.i_click_the_resend_otp_link()"},"after":[{"result":{"duration":90620,"status":"skipped"},"match":{"location":"com.securetest.stepdefinitions.Hooks.afterStep(io.cucumber.java.Scenario)"}}],"keyword":"When "},{"result":{"duration":67010,"status":"skipped"},"line":49,"name":"I initialize my mobile device for OTP retrieval","match":{"location":"com.securetest.stepdefinitions.OtpSteps.i_initialize_my_mobile_device_for_otp_retrieval()"},"after":[{"result":{"duration":78000,"status":"skipped"},"match":{"location":"com.securetest.stepdefinitions.Hooks.afterStep(io.cucumber.java.Scenario)"}}],"keyword":"And "},{"result":{"duration":60320,"status":"skipped"},"line":50,"name":"I retrieve the OTP from my mobile device","match":{"location":"com.securetest.stepdefinitions.OtpSteps.i_retrieve_the_otp_from_my_mobile_device()"},"after":[{"result":{"duration":76130,"status":"skipped"},"match":{"location":"com.securetest.stepdefinitions.Hooks.afterStep(io.cucumber.java.Scenario)"}}],"keyword":"And "},{"result":{"duration":63240,"status":"skipped"},"line":51,"name":"I enter the retrieved OTP","match":{"location":"com.securetest.stepdefinitions.OtpSteps.i_enter_the_retrieved_otp()"},"after":[{"result":{"duration":70620,"status":"skipped"},"match":{"location":"com.securetest.stepdefinitions.Hooks.afterStep(io.cucumber.java.Scenario)"}}],"keyword":"And "},{"result":{"duration":60620,"status":"skipped"},"line":52,"name":"I click the OTP verify button","match":{"location":"com.securetest.stepdefinitions.OtpSteps.i_click_the_otp_verify_button()"},"after":[{"result":{"duration":87810,"status":"skipped"},"match":{"location":"com.securetest.stepdefinitions.Hooks.afterStep(io.cucumber.java.Scenario)"}}],"keyword":"And "},{"result":{"duration":76230,"status":"skipped"},"line":53,"name":"I should see the dashboard page","match":{"location":"com.securetest.stepdefinitions.DashboardSteps.i_should_see_the_dashboard_page()"},"after":[{"result":{"duration":56710,"status":"skipped"},"match":{"location":"com.securetest.stepdefinitions.Hooks.afterStep(io.cucumber.java.Scenario)"}}],"keyword":"Then "}],"tags":[{"name":"@otp"}]},{"line":6,"name":"","description":"","type":"background","keyword":"Background","steps":[{"result":{"duration":106320,"status":"skipped"},"line":7,"name":"I navigate to the Cuscal portal","match":{"location":"com.securetest.stepdefinitions.LoginSteps.i_navigate_to_the_cuscal_portal()"},"after":[{"result":{"duration":126710,"status":"skipped"},"match":{"location":"com.securetest.stepdefinitions.Hooks.afterStep(io.cucumber.java.Scenario)"}}],"keyword":"Given "}]},{"start_timestamp":"2025-04-14T23:48:59.466Z","before":[{"result":{"error_message":"org.openqa.selenium.WebDriverException: Timed out waiting for driver server to start.\nBuild info: version: '3.141.59', revision: 'e82be7d358', time: '2018-11-14T08:17:03'\nSystem info: host: '9ec75d5abe56', ip: '172.31.128.103', os.name: 'Linux', os.arch: 'amd64', os.version: '6.2.16', java.version: '21'\nDriver info: driver.version: ChromeDriver\n\tat org.openqa.selenium.remote.service.DriverService.waitUntilAvailable(DriverService.java:202)\n\tat org.openqa.selenium.remote.service.DriverService.start(DriverService.java:188)\n\tat org.openqa.selenium.remote.service.DriverCommandExecutor.execute(DriverCommandExecutor.java:79)\n\tat org.openqa.selenium.remote.RemoteWebDriver.execute(RemoteWebDriver.java:552)\n\tat org.openqa.selenium.remote.RemoteWebDriver.startSession(RemoteWebDriver.java:213)\n\tat org.openqa.selenium.remote.RemoteWebDriver.<init>(RemoteWebDriver.java:131)\n\tat org.openqa.selenium.chrome.ChromeDriver.<init>(ChromeDriver.java:181)\n\tat org.openqa.selenium.chrome.ChromeDriver.<init>(ChromeDriver.java:168)\n\tat org.openqa.selenium.chrome.ChromeDriver.<init>(ChromeDriver.java:157)\n\tat com.securetest.utils.DriverFactory.initWebDriver(DriverFactory.java:74)\n\tat com.securetest.stepdefinitions.Hooks.setUp(Hooks.java:41)\nCaused by: org.openqa.selenium.net.UrlChecker$TimeoutException: Timed out waiting for [http://localhost:10700/status] to be available after 20041 ms\n\tat org.openqa.selenium.net.UrlChecker.waitUntilAvailable(UrlChecker.java:100)\n\tat org.openqa.selenium.remote.service.DriverService.waitUntilAvailable(DriverService.java:197)\n\tat org.openqa.selenium.remote.service.DriverService.start(DriverService.java:188)\n\tat org.openqa.selenium.remote.service.DriverCommandExecutor.execute(DriverCommandExecutor.java:79)\n\tat org.openqa.selenium.remote.RemoteWebDriver.execute(RemoteWebDriver.java:552)\n\tat org.openqa.selenium.remote.RemoteWebDriver.startSession(RemoteWebDriver.java:213)\n\tat org.openqa.selenium.remote.RemoteWebDriver.<init>(RemoteWebDriver.java:131)\n\tat org.openqa.selenium.chrome.ChromeDriver.<init>(ChromeDriver.java:181)\n\tat org.openqa.selenium.chrome.ChromeDriver.<init>(ChromeDriver.java:168)\n\tat org.openqa.selenium.chrome.ChromeDriver.<init>(ChromeDriver.java:157)\n\tat com.securetest.utils.DriverFactory.initWebDriver(DriverFactory.java:74)\n\tat com.securetest.stepdefinitions.Hooks.setUp(Hooks.java:41)\n\tat java.base/jdk.internal.reflect.DirectMethodHandleAccessor.invoke(DirectMethodHandleAccessor.java:103)\n\tat java.base/java.lang.reflect.Method.invoke(Method.java:580)\n\tat io.cucumber.java.Invoker.doInvoke(Invoker.java:66)\n\tat io.cucumber.java.Invoker.invoke(Invoker.java:24)\n\tat io.cucumber.java.AbstractGlueDefinition.invokeMethod(AbstractGlueDefinition.java:47)\n\tat io.cucumber.java.JavaHookDefinition.execute(JavaHookDefinition.java:64)\n\tat io.cucumber.core.runner.CoreHookDefinition.execute(CoreHookDefinition.java:46)\n\tat io.cucumber.core.runner.HookDefinitionMatch.runStep(HookDefinitionMatch.java:21)\n\tat io.cucumber.core.runner.ExecutionMode$1.execute(ExecutionMode.java:10)\n\tat io.cucumber.core.runner.TestStep.executeStep(TestStep.java:84)\n\tat io.cucumber.core.runner.TestStep.run(TestStep.java:56)\n\tat io.cucumber.core.runner.TestCase.run(TestCase.java:78)\n\tat io.cucumber.core.runner.Runner.runPickle(Runner.java:75)\n\tat io.cucumber.testng.TestNGCucumberRunner.lambda$runScenario$1(TestNGCucumberRunner.java:132)\n\tat io.cucumber.core.runtime.CucumberExecutionContext.lambda$runTestCase$5(CucumberExecutionContext.java:130)\n\tat io.cucumber.core.runtime.RethrowingThrowableCollector.executeAndThrow(RethrowingThrowableCollector.java:23)\n\tat io.cucumber.core.runtime.CucumberExecutionContext.runTestCase(CucumberExecutionContext.java:130)\n\tat io.cucumber.testng.TestNGCucumberRunner.runScenario(TestNGCucumberRunner.java:129)\n\tat io.cucumber.testng.AbstractTestNGCucumberTests.runScenario(AbstractTestNGCucumberTests.java:35)\n\tat java.base/jdk.internal.reflect.DirectMethodHandleAccessor.invoke(DirectMethodHandleAccessor.java:103)\n\tat java.base/java.lang.reflect.Method.invoke(Method.java:580)\n\tat org.testng.internal.MethodInvocationHelper.invokeMethod(MethodInvocationHelper.java:133)\n\tat org.testng.internal.TestInvoker.invokeMethod(TestInvoker.java:598)\n\tat org.testng.internal.TestInvoker.invokeTestMethod(TestInvoker.java:173)\n\tat org.testng.internal.TestMethodWithDataProviderMethodWorker.call(TestMethodWithDataProviderMethodWorker.java:77)\n\tat org.testng.internal.TestMethodWithDataProviderMethodWorker.call(TestMethodWithDataProviderMethodWorker.java:15)\n\tat java.base/java.util.concurrent.FutureTask.run(FutureTask.java:317)\n\tat java.base/java.util.concurrent.Executors$RunnableAdapter.call(Executors.java:572)\n\tat java.base/java.util.concurrent.FutureTask.run(FutureTask.java:317)\n\tat java.base/java.util.concurrent.ThreadPoolExecutor.runWorker(ThreadPoolExecutor.java:1144)\n\tat java.base/java.util.concurrent.ThreadPoolExecutor$Worker.run(ThreadPoolExecutor.java:642)\n\tat java.base/java.lang.Thread.run(Thread.java:1583)\nCaused by: java.util.concurrent.TimeoutException\n\tat java.base/java.util.concurrent.FutureTask.get(FutureTask.java:204)\n\tat com.google.common.util.concurrent.SimpleTimeLimiter.callWithTimeout(SimpleTimeLimiter.java:156)\n\tat org.openqa.selenium.net.UrlChecker.waitUntilAvailable(UrlChecker.java:75)\n\t... 43 more\n","duration":20926169169,"status":"failed"},"match":{"location":"com.securetest.stepdefinitions.Hooks.setUp(io.cucumber.java.Scenario)"}}],"line":56,"name":"Successful logout","description":"","id":"cuscal-portal-authentication;successful-logout","after":[{"result":{"duration":2788759,"status":"passed"},"match":{"location":"com.securetest.stepdefinitions.Hooks.tearDown(io.cucumber.java.Scenario)"}}],"type":"scenario","keyword":"Scenario","steps":[{"result":{"duration":90130,"status":"skipped"},"line":57,"name":"I enter my username","match":{"location":"com.securetest.stepdefinitions.LoginSteps.i_enter_my_username()"},"after":[{"result":{"duration":94860,"status":"skipped"},"match":{"location":"com.securetest.stepdefinitions.Hooks.afterStep(io.cucumber.java.Scenario)"}}],"keyword":"When "},{"result":{"duration":79830,"status":"skipped"},"line":58,"name":"I enter my password","match":{"location":"com.securetest.stepdefinitions.LoginSteps.i_enter_my_password()"},"after":[{"result":{"duration":74980,"status":"skipped"},"match":{"location":"com.securetest.stepdefinitions.Hooks.afterStep(io.cucumber.java.Scenario)"}}],"keyword":"And "},{"result":{"duration":104950,"status":"skipped"},"line":59,"name":"I click the login button","match":{"location":"com.securetest.stepdefinitions.LoginSteps.i_click_the_login_button()"},"after":[{"result":{"duration":147430,"status":"skipped"},"match":{"location":"com.securetest.stepdefinitions.Hooks.afterStep(io.cucumber.java.Scenario)"}}],"keyword":"And "},{"result":{"duration":126360,"status":"skipped"},"line":60,"name":"I should see the OTP page","match":{"location":"com.securetest.stepdefinitions.OtpSteps.i_should_see_the_otp_page()"},"after":[{"result":{"duration":120189,"status":"skipped"},"match":{"location":"com.securetest.stepdefinitions.Hooks.afterStep(io.cucumber.java.Scenario)"}}],"keyword":"Then "},{"result":{"duration":110040,"status":"skipped"},"line":61,"name":"I initialize my mobile device for OTP retrieval","match":{"location":"com.securetest.stepdefinitions.OtpSteps.i_initialize_my_mobile_device_for_otp_retrieval()"},"after":[{"result":{"duration":120009,"status":"skipped"},"match":{"location":"com.securetest.stepdefinitions.Hooks.afterStep(io.cucumber.java.Scenario)"}}],"keyword":"When "},{"result":{"duration":149980,"status":"skipped"},"line":62,"name":"I retrieve the OTP from my mobile device","match":{"location":"com.securetest.stepdefinitions.OtpSteps.i_retrieve_the_otp_from_my_mobile_device()"},"after":[{"result":{"duration":169610,"status":"skipped"},"match":{"location":"com.securetest.stepdefinitions.Hooks.afterStep(io.cucumber.java.Scenario)"}}],"keyword":"And "},{"result":{"duration":148040,"status":"skipped"},"line":63,"name":"I enter the retrieved OTP","match":{"location":"com.securetest.stepdefinitions.OtpSteps.i_enter_the_retrieved_otp()"},"after":[{"result":{"duration":174330,"status":"skipped"},"match":{"location":"com.securetest.stepdefinitions.Hooks.afterStep(io.cucumber.java.Scenario)"}}],"keyword":"And "},{"result":{"duration":73000,"status":"skipped"},"line":64,"name":"I click the OTP verify button","match":{"location":"com.securetest.stepdefinitions.OtpSteps.i_click_the_otp_verify_button()"},"after":[{"result":{"duration":74850,"status":"skipped"},"match":{"location":"com.securetest.stepdefinitions.Hooks.afterStep(io.cucumber.java.Scenario)"}}],"keyword":"And "},{"result":{"duration":84470,"status":"skipped"},"line":65,"name":"I should see the dashboard page","match":{"location":"com.securetest.stepdefinitions.DashboardSteps.i_should_see_the_dashboard_page()"},"after":[{"result":{"duration":80800,"status":"skipped"},"match":{"location":"com.securetest.stepdefinitions.Hooks.afterStep(io.cucumber.java.Scenario)"}}],"keyword":"Then "},{"result":{"duration":58431,"status":"skipped"},"line":66,"name":"I click the logout button","match":{"location":"com.securetest.stepdefinitions.DashboardSteps.i_click_the_logout_button()"},"after":[{"result":{"duration":65740,"status":"skipped"},"match":{"location":"com.securetest.stepdefinitions.Hooks.afterStep(io.cucumber.java.Scenario)"}}],"keyword":"When "},{"result":{"duration":56089,"status":"skipped"},"line":67,"name":"I should see the login page","match":{"location":"com.securetest.stepdefinitions.LoginSteps.i_should_see_the_login_page()"},"after":[{"result":{"duration":54960,"status":"skipped"},"match":{"location":"com.securetest.stepdefinitions.Hooks.afterStep(io.cucumber.java.Scenario)"}}],"keyword":"Then "}],"tags":[{"name":"@logout"}]}],"name":"Cuscal Portal Authentication","description":"  As a user\n  I want to authenticate to the Cuscal portal securely\n  So that I can access my banking information","id":"cuscal-portal-authentication","keyword":"Feature","uri":"file:src/test/resources/features/CuscalAuthentication.feature","tags":[]}]